2020-05-12 19:39:09,475 INFO 90227 [Timer] /Users/jianghui/Code/my_code/whisky-app/node_modules/_egg-multipart@2.10.3@egg-multipart/app/schedule/clean_tmpdir.js next time will execute after 31850531ms at 2020-05-13 04:30:00.006
2020-05-12 19:39:09,476 INFO 90227 [Timer] /Users/jianghui/Code/my_code/whisky-app/node_modules/_egg-logrotator@3.1.0@egg-logrotator/app/schedule/clean_log.js next time will execute after 15650525ms at 2020-05-13 00:00:00.000
2020-05-12 19:39:09,476 INFO 90227 [Timer] /Users/jianghui/Code/my_code/whisky-app/node_modules/_egg-logrotator@3.1.0@egg-logrotator/app/schedule/rotate_by_file.js next time will execute after 15651524ms at 2020-05-13 00:00:01.000
2020-05-12 19:39:09,160 INFO 90253 [egg-schedule]: register schedule /Users/jianghui/Code/my_code/whisky-app/node_modules/_egg-multipart@2.10.3@egg-multipart/app/schedule/clean_tmpdir.js
2020-05-12 19:39:09,160 INFO 90253 [egg-schedule]: register schedule /Users/jianghui/Code/my_code/whisky-app/node_modules/_egg-logrotator@3.1.0@egg-logrotator/app/schedule/clean_log.js
2020-05-12 19:39:09,160 INFO 90253 [egg-schedule]: register schedule /Users/jianghui/Code/my_code/whisky-app/node_modules/_egg-logrotator@3.1.0@egg-logrotator/app/schedule/rotate_by_file.js
2020-05-12 19:41:20,591 INFO 90441 [egg-schedule]: register schedule /Users/jianghui/Code/my_code/whisky-app/node_modules/_egg-multipart@2.10.3@egg-multipart/app/schedule/clean_tmpdir.js
2020-05-12 19:41:20,591 INFO 90441 [egg-schedule]: register schedule /Users/jianghui/Code/my_code/whisky-app/node_modules/_egg-logrotator@3.1.0@egg-logrotator/app/schedule/clean_log.js
2020-05-12 19:41:20,591 INFO 90441 [egg-schedule]: register schedule /Users/jianghui/Code/my_code/whisky-app/node_modules/_egg-logrotator@3.1.0@egg-logrotator/app/schedule/rotate_by_file.js
2020-05-12 19:42:06,524 INFO 90544 [egg-schedule]: register schedule /Users/jianghui/Code/my_code/whisky-app/node_modules/_egg-multipart@2.10.3@egg-multipart/app/schedule/clean_tmpdir.js
2020-05-12 19:42:06,524 INFO 90544 [egg-schedule]: register schedule /Users/jianghui/Code/my_code/whisky-app/node_modules/_egg-logrotator@3.1.0@egg-logrotator/app/schedule/clean_log.js
2020-05-12 19:42:06,524 INFO 90544 [egg-schedule]: register schedule /Users/jianghui/Code/my_code/whisky-app/node_modules/_egg-logrotator@3.1.0@egg-logrotator/app/schedule/rotate_by_file.js
2020-05-12 19:42:12,100 INFO 90569 [egg-schedule]: register schedule /Users/jianghui/Code/my_code/whisky-app/node_modules/_egg-multipart@2.10.3@egg-multipart/app/schedule/clean_tmpdir.js
2020-05-12 19:42:12,100 INFO 90569 [egg-schedule]: register schedule /Users/jianghui/Code/my_code/whisky-app/node_modules/_egg-logrotator@3.1.0@egg-logrotator/app/schedule/clean_log.js
2020-05-12 19:42:12,100 INFO 90569 [egg-schedule]: register schedule /Users/jianghui/Code/my_code/whisky-app/node_modules/_egg-logrotator@3.1.0@egg-logrotator/app/schedule/rotate_by_file.js
2020-05-12 19:44:16,417 INFO 90652 [egg-schedule]: register schedule /Users/jianghui/Code/my_code/whisky-app/node_modules/_egg-multipart@2.10.3@egg-multipart/app/schedule/clean_tmpdir.js
2020-05-12 19:44:16,417 INFO 90652 [egg-schedule]: register schedule /Users/jianghui/Code/my_code/whisky-app/node_modules/_egg-logrotator@3.1.0@egg-logrotator/app/schedule/clean_log.js
2020-05-12 19:44:16,417 INFO 90652 [egg-schedule]: register schedule /Users/jianghui/Code/my_code/whisky-app/node_modules/_egg-logrotator@3.1.0@egg-logrotator/app/schedule/rotate_by_file.js
2020-05-12 19:44:22,943 INFO 90687 [egg-schedule]: register schedule /Users/jianghui/Code/my_code/whisky-app/node_modules/_egg-multipart@2.10.3@egg-multipart/app/schedule/clean_tmpdir.js
2020-05-12 19:44:22,943 INFO 90687 [egg-schedule]: register schedule /Users/jianghui/Code/my_code/whisky-app/node_modules/_egg-logrotator@3.1.0@egg-logrotator/app/schedule/clean_log.js
2020-05-12 19:44:22,944 INFO 90687 [egg-schedule]: register schedule /Users/jianghui/Code/my_code/whisky-app/node_modules/_egg-logrotator@3.1.0@egg-logrotator/app/schedule/rotate_by_file.js
2020-05-12 19:45:30,326 INFO 90781 [egg-schedule]: register schedule /Users/jianghui/Code/my_code/whisky-app/node_modules/_egg-multipart@2.10.3@egg-multipart/app/schedule/clean_tmpdir.js
2020-05-12 19:45:30,326 INFO 90781 [egg-schedule]: register schedule /Users/jianghui/Code/my_code/whisky-app/node_modules/_egg-logrotator@3.1.0@egg-logrotator/app/schedule/clean_log.js
2020-05-12 19:45:30,326 INFO 90781 [egg-schedule]: register schedule /Users/jianghui/Code/my_code/whisky-app/node_modules/_egg-logrotator@3.1.0@egg-logrotator/app/schedule/rotate_by_file.js
2020-05-12 19:45:58,849 INFO 90833 [egg-schedule]: register schedule /Users/jianghui/Code/my_code/whisky-app/node_modules/_egg-multipart@2.10.3@egg-multipart/app/schedule/clean_tmpdir.js
2020-05-12 19:45:58,849 INFO 90833 [egg-schedule]: register schedule /Users/jianghui/Code/my_code/whisky-app/node_modules/_egg-logrotator@3.1.0@egg-logrotator/app/schedule/clean_log.js
2020-05-12 19:45:58,849 INFO 90833 [egg-schedule]: register schedule /Users/jianghui/Code/my_code/whisky-app/node_modules/_egg-logrotator@3.1.0@egg-logrotator/app/schedule/rotate_by_file.js
2020-05-12 19:46:05,722 INFO 90874 [egg-schedule]: register schedule /Users/jianghui/Code/my_code/whisky-app/node_modules/_egg-multipart@2.10.3@egg-multipart/app/schedule/clean_tmpdir.js
2020-05-12 19:46:05,722 INFO 90874 [egg-schedule]: register schedule /Users/jianghui/Code/my_code/whisky-app/node_modules/_egg-logrotator@3.1.0@egg-logrotator/app/schedule/clean_log.js
2020-05-12 19:46:05,722 INFO 90874 [egg-schedule]: register schedule /Users/jianghui/Code/my_code/whisky-app/node_modules/_egg-logrotator@3.1.0@egg-logrotator/app/schedule/rotate_by_file.js
2020-05-12 19:46:13,079 INFO 90905 [egg-schedule]: register schedule /Users/jianghui/Code/my_code/whisky-app/node_modules/_egg-multipart@2.10.3@egg-multipart/app/schedule/clean_tmpdir.js
2020-05-12 19:46:13,079 INFO 90905 [egg-schedule]: register schedule /Users/jianghui/Code/my_code/whisky-app/node_modules/_egg-logrotator@3.1.0@egg-logrotator/app/schedule/clean_log.js
2020-05-12 19:46:13,079 INFO 90905 [egg-schedule]: register schedule /Users/jianghui/Code/my_code/whisky-app/node_modules/_egg-logrotator@3.1.0@egg-logrotator/app/schedule/rotate_by_file.js
2020-05-12 19:48:03,364 INFO 91040 [egg-schedule]: register schedule /Users/jianghui/Code/my_code/whisky-app/node_modules/_egg-multipart@2.10.3@egg-multipart/app/schedule/clean_tmpdir.js
2020-05-12 19:48:03,365 INFO 91040 [egg-schedule]: register schedule /Users/jianghui/Code/my_code/whisky-app/node_modules/_egg-logrotator@3.1.0@egg-logrotator/app/schedule/clean_log.js
2020-05-12 19:48:03,365 INFO 91040 [egg-schedule]: register schedule /Users/jianghui/Code/my_code/whisky-app/node_modules/_egg-logrotator@3.1.0@egg-logrotator/app/schedule/rotate_by_file.js
2020-05-12 20:43:30,416 INFO 93182 [Timer] /Users/jianghui/Code/my_code/whisky-app/node_modules/_egg-multipart@2.10.3@egg-multipart/app/schedule/clean_tmpdir.js next time will execute after 27989587ms at 2020-05-13 04:30:00.003
2020-05-12 20:43:30,416 INFO 93182 [Timer] /Users/jianghui/Code/my_code/whisky-app/node_modules/_egg-logrotator@3.1.0@egg-logrotator/app/schedule/clean_log.js next time will execute after 11789584ms at 2020-05-13 00:00:00.000
2020-05-12 20:43:30,416 INFO 93182 [Timer] /Users/jianghui/Code/my_code/whisky-app/node_modules/_egg-logrotator@3.1.0@egg-logrotator/app/schedule/rotate_by_file.js next time will execute after 11790584ms at 2020-05-13 00:00:01.000
2020-05-12 20:43:30,100 INFO 93212 [egg-schedule]: register schedule /Users/jianghui/Code/my_code/whisky-app/node_modules/_egg-multipart@2.10.3@egg-multipart/app/schedule/clean_tmpdir.js
2020-05-12 20:43:30,100 INFO 93212 [egg-schedule]: register schedule /Users/jianghui/Code/my_code/whisky-app/node_modules/_egg-logrotator@3.1.0@egg-logrotator/app/schedule/clean_log.js
2020-05-12 20:43:30,101 INFO 93212 [egg-schedule]: register schedule /Users/jianghui/Code/my_code/whisky-app/node_modules/_egg-logrotator@3.1.0@egg-logrotator/app/schedule/rotate_by_file.js
2020-05-12 20:45:36,420 INFO 93331 [egg-schedule]: register schedule /Users/jianghui/Code/my_code/whisky-app/node_modules/_egg-multipart@2.10.3@egg-multipart/app/schedule/clean_tmpdir.js
2020-05-12 20:45:36,420 INFO 93331 [egg-schedule]: register schedule /Users/jianghui/Code/my_code/whisky-app/node_modules/_egg-logrotator@3.1.0@egg-logrotator/app/schedule/clean_log.js
2020-05-12 20:45:36,421 INFO 93331 [egg-schedule]: register schedule /Users/jianghui/Code/my_code/whisky-app/node_modules/_egg-logrotator@3.1.0@egg-logrotator/app/schedule/rotate_by_file.js
2020-05-12 20:45:36,603 INFO 93307 [Timer] /Users/jianghui/Code/my_code/whisky-app/node_modules/_egg-multipart@2.10.3@egg-multipart/app/schedule/clean_tmpdir.js next time will execute after 27863403ms at 2020-05-13 04:30:00.006
2020-05-12 20:45:36,605 INFO 93307 [Timer] /Users/jianghui/Code/my_code/whisky-app/node_modules/_egg-logrotator@3.1.0@egg-logrotator/app/schedule/clean_log.js next time will execute after 11663396ms at 2020-05-13 00:00:00.001
2020-05-12 20:45:36,605 INFO 93307 [Timer] /Users/jianghui/Code/my_code/whisky-app/node_modules/_egg-logrotator@3.1.0@egg-logrotator/app/schedule/rotate_by_file.js next time will execute after 11664395ms at 2020-05-13 00:00:01.000
2020-05-12 20:56:05,401 INFO 94168 [egg-schedule]: register schedule /Users/jianghui/Code/my_code/whisky-app/node_modules/_egg-multipart@2.10.3@egg-multipart/app/schedule/clean_tmpdir.js
2020-05-12 20:56:05,401 INFO 94168 [egg-schedule]: register schedule /Users/jianghui/Code/my_code/whisky-app/node_modules/_egg-logrotator@3.1.0@egg-logrotator/app/schedule/clean_log.js
2020-05-12 20:56:05,401 INFO 94168 [egg-schedule]: register schedule /Users/jianghui/Code/my_code/whisky-app/node_modules/_egg-logrotator@3.1.0@egg-logrotator/app/schedule/rotate_by_file.js
2020-05-12 20:56:05,600 INFO 94146 [Timer] /Users/jianghui/Code/my_code/whisky-app/node_modules/_egg-multipart@2.10.3@egg-multipart/app/schedule/clean_tmpdir.js next time will execute after 27234404ms at 2020-05-13 04:30:00.004
2020-05-12 20:56:05,600 INFO 94146 [Timer] /Users/jianghui/Code/my_code/whisky-app/node_modules/_egg-logrotator@3.1.0@egg-logrotator/app/schedule/clean_log.js next time will execute after 11034400ms at 2020-05-13 00:00:00.000
2020-05-12 20:56:05,600 INFO 94146 [Timer] /Users/jianghui/Code/my_code/whisky-app/node_modules/_egg-logrotator@3.1.0@egg-logrotator/app/schedule/rotate_by_file.js next time will execute after 11035400ms at 2020-05-13 00:00:01.000
2020-05-12 21:07:30,340 INFO 94865 [egg-schedule]: register schedule /Users/jianghui/Code/my_code/whisky-app/node_modules/_egg-multipart@2.10.3@egg-multipart/app/schedule/clean_tmpdir.js
2020-05-12 21:07:30,340 INFO 94865 [egg-schedule]: register schedule /Users/jianghui/Code/my_code/whisky-app/node_modules/_egg-logrotator@3.1.0@egg-logrotator/app/schedule/clean_log.js
2020-05-12 21:07:30,340 INFO 94865 [egg-schedule]: register schedule /Users/jianghui/Code/my_code/whisky-app/node_modules/_egg-logrotator@3.1.0@egg-logrotator/app/schedule/rotate_by_file.js
2020-05-12 21:07:30,675 INFO 94843 [Timer] /Users/jianghui/Code/my_code/whisky-app/node_modules/_egg-multipart@2.10.3@egg-multipart/app/schedule/clean_tmpdir.js next time will execute after 26549332ms at 2020-05-13 04:30:00.007
2020-05-12 21:07:30,676 INFO 94843 [Timer] /Users/jianghui/Code/my_code/whisky-app/node_modules/_egg-logrotator@3.1.0@egg-logrotator/app/schedule/clean_log.js next time will execute after 10349324ms at 2020-05-13 00:00:00.000
2020-05-12 21:07:30,677 INFO 94843 [Timer] /Users/jianghui/Code/my_code/whisky-app/node_modules/_egg-logrotator@3.1.0@egg-logrotator/app/schedule/rotate_by_file.js next time will execute after 10350324ms at 2020-05-13 00:00:01.001
2020-05-12 21:09:26,319 INFO 94998 [Timer] /Users/jianghui/Code/my_code/whisky-app/node_modules/_egg-multipart@2.10.3@egg-multipart/app/schedule/clean_tmpdir.js next time will execute after 26433684ms at 2020-05-13 04:30:00.003
2020-05-12 21:09:26,319 INFO 94998 [Timer] /Users/jianghui/Code/my_code/whisky-app/node_modules/_egg-logrotator@3.1.0@egg-logrotator/app/schedule/clean_log.js next time will execute after 10233681ms at 2020-05-13 00:00:00.000
2020-05-12 21:09:26,319 INFO 94998 [Timer] /Users/jianghui/Code/my_code/whisky-app/node_modules/_egg-logrotator@3.1.0@egg-logrotator/app/schedule/rotate_by_file.js next time will execute after 10234681ms at 2020-05-13 00:00:01.000
2020-05-12 21:09:26,141 INFO 95024 [egg-schedule]: register schedule /Users/jianghui/Code/my_code/whisky-app/node_modules/_egg-multipart@2.10.3@egg-multipart/app/schedule/clean_tmpdir.js
2020-05-12 21:09:26,141 INFO 95024 [egg-schedule]: register schedule /Users/jianghui/Code/my_code/whisky-app/node_modules/_egg-logrotator@3.1.0@egg-logrotator/app/schedule/clean_log.js
2020-05-12 21:09:26,141 INFO 95024 [egg-schedule]: register schedule /Users/jianghui/Code/my_code/whisky-app/node_modules/_egg-logrotator@3.1.0@egg-logrotator/app/schedule/rotate_by_file.js
2020-05-12 21:12:07,154 INFO 95163 [Timer] /Users/jianghui/Code/my_code/whisky-app/node_modules/_egg-multipart@2.10.3@egg-multipart/app/schedule/clean_tmpdir.js next time will execute after 26272849ms at 2020-05-13 04:30:00.003
2020-05-12 21:12:07,154 INFO 95163 [Timer] /Users/jianghui/Code/my_code/whisky-app/node_modules/_egg-logrotator@3.1.0@egg-logrotator/app/schedule/clean_log.js next time will execute after 10072846ms at 2020-05-13 00:00:00.000
2020-05-12 21:12:07,154 INFO 95163 [Timer] /Users/jianghui/Code/my_code/whisky-app/node_modules/_egg-logrotator@3.1.0@egg-logrotator/app/schedule/rotate_by_file.js next time will execute after 10073846ms at 2020-05-13 00:00:01.000
2020-05-12 21:12:06,968 INFO 95188 [egg-schedule]: register schedule /Users/jianghui/Code/my_code/whisky-app/node_modules/_egg-multipart@2.10.3@egg-multipart/app/schedule/clean_tmpdir.js
2020-05-12 21:12:06,968 INFO 95188 [egg-schedule]: register schedule /Users/jianghui/Code/my_code/whisky-app/node_modules/_egg-logrotator@3.1.0@egg-logrotator/app/schedule/clean_log.js
2020-05-12 21:12:06,968 INFO 95188 [egg-schedule]: register schedule /Users/jianghui/Code/my_code/whisky-app/node_modules/_egg-logrotator@3.1.0@egg-logrotator/app/schedule/rotate_by_file.js
2020-05-12 21:15:49,687 INFO 95305 [Timer] /Users/jianghui/Code/my_code/whisky-app/node_modules/_egg-multipart@2.10.3@egg-multipart/app/schedule/clean_tmpdir.js next time will execute after 26050316ms at 2020-05-13 04:30:00.003
2020-05-12 21:15:49,687 INFO 95305 [Timer] /Users/jianghui/Code/my_code/whisky-app/node_modules/_egg-logrotator@3.1.0@egg-logrotator/app/schedule/clean_log.js next time will execute after 9850313ms at 2020-05-13 00:00:00.000
2020-05-12 21:15:49,688 INFO 95305 [Timer] /Users/jianghui/Code/my_code/whisky-app/node_modules/_egg-logrotator@3.1.0@egg-logrotator/app/schedule/rotate_by_file.js next time will execute after 9851313ms at 2020-05-13 00:00:01.001
2020-05-12 21:15:49,484 INFO 95336 [egg-schedule]: register schedule /Users/jianghui/Code/my_code/whisky-app/node_modules/_egg-multipart@2.10.3@egg-multipart/app/schedule/clean_tmpdir.js
2020-05-12 21:15:49,484 INFO 95336 [egg-schedule]: register schedule /Users/jianghui/Code/my_code/whisky-app/node_modules/_egg-logrotator@3.1.0@egg-logrotator/app/schedule/clean_log.js
2020-05-12 21:15:49,484 INFO 95336 [egg-schedule]: register schedule /Users/jianghui/Code/my_code/whisky-app/node_modules/_egg-logrotator@3.1.0@egg-logrotator/app/schedule/rotate_by_file.js
2020-05-12 21:18:32,378 INFO 95424 [Timer] /Users/jianghui/Code/my_code/whisky-app/node_modules/_egg-multipart@2.10.3@egg-multipart/app/schedule/clean_tmpdir.js next time will execute after 25887625ms at 2020-05-13 04:30:00.003
2020-05-12 21:18:32,378 INFO 95424 [Timer] /Users/jianghui/Code/my_code/whisky-app/node_modules/_egg-logrotator@3.1.0@egg-logrotator/app/schedule/clean_log.js next time will execute after 9687622ms at 2020-05-13 00:00:00.000
2020-05-12 21:18:32,378 INFO 95424 [Timer] /Users/jianghui/Code/my_code/whisky-app/node_modules/_egg-logrotator@3.1.0@egg-logrotator/app/schedule/rotate_by_file.js next time will execute after 9688622ms at 2020-05-13 00:00:01.000
2020-05-12 21:18:32,220 INFO 95449 [egg-schedule]: register schedule /Users/jianghui/Code/my_code/whisky-app/node_modules/_egg-multipart@2.10.3@egg-multipart/app/schedule/clean_tmpdir.js
2020-05-12 21:18:32,220 INFO 95449 [egg-schedule]: register schedule /Users/jianghui/Code/my_code/whisky-app/node_modules/_egg-logrotator@3.1.0@egg-logrotator/app/schedule/clean_log.js
2020-05-12 21:18:32,220 INFO 95449 [egg-schedule]: register schedule /Users/jianghui/Code/my_code/whisky-app/node_modules/_egg-logrotator@3.1.0@egg-logrotator/app/schedule/rotate_by_file.js
2020-05-13 10:41:42,954 INFO 97623 [egg-schedule]: register schedule /Users/jianghui/Code/my_code/whisky-app/node_modules/_egg-multipart@2.10.3@egg-multipart/app/schedule/clean_tmpdir.js
2020-05-13 10:41:42,954 INFO 97623 [egg-schedule]: register schedule /Users/jianghui/Code/my_code/whisky-app/node_modules/_egg-logrotator@3.1.0@egg-logrotator/app/schedule/clean_log.js
2020-05-13 10:41:42,954 INFO 97623 [egg-schedule]: register schedule /Users/jianghui/Code/my_code/whisky-app/node_modules/_egg-logrotator@3.1.0@egg-logrotator/app/schedule/rotate_by_file.js
2020-05-13 10:41:43,233 INFO 97598 [Timer] /Users/jianghui/Code/my_code/whisky-app/node_modules/_egg-multipart@2.10.3@egg-multipart/app/schedule/clean_tmpdir.js next time will execute after 64096771ms at 2020-05-14 04:30:00.004
2020-05-13 10:41:43,234 INFO 97598 [Timer] /Users/jianghui/Code/my_code/whisky-app/node_modules/_egg-logrotator@3.1.0@egg-logrotator/app/schedule/clean_log.js next time will execute after 47896767ms at 2020-05-14 00:00:00.001
2020-05-13 10:41:43,234 INFO 97598 [Timer] /Users/jianghui/Code/my_code/whisky-app/node_modules/_egg-logrotator@3.1.0@egg-logrotator/app/schedule/rotate_by_file.js next time will execute after 47897766ms at 2020-05-14 00:00:01.000
2020-05-13 10:51:41,625 INFO 97879 [Timer] /Users/jianghui/Code/my_code/whisky-app/node_modules/_egg-multipart@2.10.3@egg-multipart/app/schedule/clean_tmpdir.js next time will execute after 63498378ms at 2020-05-14 04:30:00.003
2020-05-13 10:51:41,626 INFO 97879 [Timer] /Users/jianghui/Code/my_code/whisky-app/node_modules/_egg-logrotator@3.1.0@egg-logrotator/app/schedule/clean_log.js next time will execute after 47298375ms at 2020-05-14 00:00:00.001
2020-05-13 10:51:41,626 INFO 97879 [Timer] /Users/jianghui/Code/my_code/whisky-app/node_modules/_egg-logrotator@3.1.0@egg-logrotator/app/schedule/rotate_by_file.js next time will execute after 47299374ms at 2020-05-14 00:00:01.000
2020-05-13 10:51:41,447 INFO 97907 [egg-schedule]: register schedule /Users/jianghui/Code/my_code/whisky-app/node_modules/_egg-multipart@2.10.3@egg-multipart/app/schedule/clean_tmpdir.js
2020-05-13 10:51:41,447 INFO 97907 [egg-schedule]: register schedule /Users/jianghui/Code/my_code/whisky-app/node_modules/_egg-logrotator@3.1.0@egg-logrotator/app/schedule/clean_log.js
2020-05-13 10:51:41,447 INFO 97907 [egg-schedule]: register schedule /Users/jianghui/Code/my_code/whisky-app/node_modules/_egg-logrotator@3.1.0@egg-logrotator/app/schedule/rotate_by_file.js
2020-05-13 10:52:40,606 INFO 97996 [egg-schedule]: register schedule /Users/jianghui/Code/my_code/whisky-app/node_modules/_egg-multipart@2.10.3@egg-multipart/app/schedule/clean_tmpdir.js
2020-05-13 10:52:40,606 INFO 97996 [egg-schedule]: register schedule /Users/jianghui/Code/my_code/whisky-app/node_modules/_egg-logrotator@3.1.0@egg-logrotator/app/schedule/clean_log.js
2020-05-13 10:52:40,606 INFO 97996 [egg-schedule]: register schedule /Users/jianghui/Code/my_code/whisky-app/node_modules/_egg-logrotator@3.1.0@egg-logrotator/app/schedule/rotate_by_file.js
2020-05-13 10:52:40,798 INFO 97968 [Timer] /Users/jianghui/Code/my_code/whisky-app/node_modules/_egg-multipart@2.10.3@egg-multipart/app/schedule/clean_tmpdir.js next time will execute after 63439205ms at 2020-05-14 04:30:00.003
2020-05-13 10:52:40,798 INFO 97968 [Timer] /Users/jianghui/Code/my_code/whisky-app/node_modules/_egg-logrotator@3.1.0@egg-logrotator/app/schedule/clean_log.js next time will execute after 47239202ms at 2020-05-14 00:00:00.000
2020-05-13 10:52:40,799 INFO 97968 [Timer] /Users/jianghui/Code/my_code/whisky-app/node_modules/_egg-logrotator@3.1.0@egg-logrotator/app/schedule/rotate_by_file.js next time will execute after 47240202ms at 2020-05-14 00:00:01.001
2020-05-13 11:31:47,764 INFO 99640 [egg-schedule]: register schedule /Users/jianghui/Code/my_code/whisky-app/node_modules/_egg-multipart@2.10.3@egg-multipart/app/schedule/clean_tmpdir.js
2020-05-13 11:31:47,764 INFO 99640 [egg-schedule]: register schedule /Users/jianghui/Code/my_code/whisky-app/node_modules/_egg-logrotator@3.1.0@egg-logrotator/app/schedule/clean_log.js
2020-05-13 11:31:47,764 INFO 99640 [egg-schedule]: register schedule /Users/jianghui/Code/my_code/whisky-app/node_modules/_egg-logrotator@3.1.0@egg-logrotator/app/schedule/rotate_by_file.js
2020-05-13 11:31:47,975 INFO 99606 [Timer] /Users/jianghui/Code/my_code/whisky-app/node_modules/_egg-multipart@2.10.3@egg-multipart/app/schedule/clean_tmpdir.js next time will execute after 61092028ms at 2020-05-14 04:30:00.003
2020-05-13 11:31:47,975 INFO 99606 [Timer] /Users/jianghui/Code/my_code/whisky-app/node_modules/_egg-logrotator@3.1.0@egg-logrotator/app/schedule/clean_log.js next time will execute after 44892025ms at 2020-05-14 00:00:00.000
2020-05-13 11:31:47,976 INFO 99606 [Timer] /Users/jianghui/Code/my_code/whisky-app/node_modules/_egg-logrotator@3.1.0@egg-logrotator/app/schedule/rotate_by_file.js next time will execute after 44893025ms at 2020-05-14 00:00:01.001
2020-05-13 11:39:01,684 INFO 99840 [egg-schedule]: register schedule /Users/jianghui/Code/my_code/whisky-app/node_modules/_egg-multipart@2.10.3@egg-multipart/app/schedule/clean_tmpdir.js
2020-05-13 11:39:01,684 INFO 99840 [egg-schedule]: register schedule /Users/jianghui/Code/my_code/whisky-app/node_modules/_egg-logrotator@3.1.0@egg-logrotator/app/schedule/clean_log.js
2020-05-13 11:39:01,684 INFO 99840 [egg-schedule]: register schedule /Users/jianghui/Code/my_code/whisky-app/node_modules/_egg-logrotator@3.1.0@egg-logrotator/app/schedule/rotate_by_file.js
2020-05-13 11:39:29,342 INFO 99915 [Timer] /Users/jianghui/Code/my_code/whisky-app/node_modules/_egg-multipart@2.10.3@egg-multipart/app/schedule/clean_tmpdir.js next time will execute after 60630661ms at 2020-05-14 04:30:00.003
2020-05-13 11:39:29,343 INFO 99915 [Timer] /Users/jianghui/Code/my_code/whisky-app/node_modules/_egg-logrotator@3.1.0@egg-logrotator/app/schedule/clean_log.js next time will execute after 44430658ms at 2020-05-14 00:00:00.000
2020-05-13 11:39:29,343 INFO 99915 [Timer] /Users/jianghui/Code/my_code/whisky-app/node_modules/_egg-logrotator@3.1.0@egg-logrotator/app/schedule/rotate_by_file.js next time will execute after 44431657ms at 2020-05-14 00:00:01.000
2020-05-13 11:39:29,171 INFO 99946 [egg-schedule]: register schedule /Users/jianghui/Code/my_code/whisky-app/node_modules/_egg-multipart@2.10.3@egg-multipart/app/schedule/clean_tmpdir.js
2020-05-13 11:39:29,171 INFO 99946 [egg-schedule]: register schedule /Users/jianghui/Code/my_code/whisky-app/node_modules/_egg-logrotator@3.1.0@egg-logrotator/app/schedule/clean_log.js
2020-05-13 11:39:29,171 INFO 99946 [egg-schedule]: register schedule /Users/jianghui/Code/my_code/whisky-app/node_modules/_egg-logrotator@3.1.0@egg-logrotator/app/schedule/rotate_by_file.js
2020-05-13 11:42:05,669 INFO 113 [egg-schedule]: register schedule /Users/jianghui/Code/my_code/whisky-app/node_modules/_egg-multipart@2.10.3@egg-multipart/app/schedule/clean_tmpdir.js
2020-05-13 11:42:05,669 INFO 113 [egg-schedule]: register schedule /Users/jianghui/Code/my_code/whisky-app/node_modules/_egg-logrotator@3.1.0@egg-logrotator/app/schedule/clean_log.js
2020-05-13 11:42:05,669 INFO 113 [egg-schedule]: register schedule /Users/jianghui/Code/my_code/whisky-app/node_modules/_egg-logrotator@3.1.0@egg-logrotator/app/schedule/rotate_by_file.js
2020-05-13 11:42:21,625 INFO 149 [egg-schedule]: register schedule /Users/jianghui/Code/my_code/whisky-app/node_modules/_egg-multipart@2.10.3@egg-multipart/app/schedule/clean_tmpdir.js
2020-05-13 11:42:21,625 INFO 149 [egg-schedule]: register schedule /Users/jianghui/Code/my_code/whisky-app/node_modules/_egg-logrotator@3.1.0@egg-logrotator/app/schedule/clean_log.js
2020-05-13 11:42:21,625 INFO 149 [egg-schedule]: register schedule /Users/jianghui/Code/my_code/whisky-app/node_modules/_egg-logrotator@3.1.0@egg-logrotator/app/schedule/rotate_by_file.js
2020-05-13 11:44:44,645 INFO 275 [egg-schedule]: register schedule /Users/jianghui/Code/my_code/whisky-app/node_modules/_egg-multipart@2.10.3@egg-multipart/app/schedule/clean_tmpdir.js
2020-05-13 11:44:44,645 INFO 275 [egg-schedule]: register schedule /Users/jianghui/Code/my_code/whisky-app/node_modules/_egg-logrotator@3.1.0@egg-logrotator/app/schedule/clean_log.js
2020-05-13 11:44:44,645 INFO 275 [egg-schedule]: register schedule /Users/jianghui/Code/my_code/whisky-app/node_modules/_egg-logrotator@3.1.0@egg-logrotator/app/schedule/rotate_by_file.js
2020-05-13 11:44:44,815 INFO 234 [Timer] /Users/jianghui/Code/my_code/whisky-app/node_modules/_egg-multipart@2.10.3@egg-multipart/app/schedule/clean_tmpdir.js next time will execute after 60315187ms at 2020-05-14 04:30:00.002
2020-05-13 11:44:44,816 INFO 234 [Timer] /Users/jianghui/Code/my_code/whisky-app/node_modules/_egg-logrotator@3.1.0@egg-logrotator/app/schedule/clean_log.js next time will execute after 44115184ms at 2020-05-14 00:00:00.000
2020-05-13 11:44:44,817 INFO 234 [Timer] /Users/jianghui/Code/my_code/whisky-app/node_modules/_egg-logrotator@3.1.0@egg-logrotator/app/schedule/rotate_by_file.js next time will execute after 44116184ms at 2020-05-14 00:00:01.001
2020-05-13 11:48:16,886 INFO 474 [egg-schedule]: register schedule /Users/jianghui/Code/my_code/whisky-app/node_modules/_egg-multipart@2.10.3@egg-multipart/app/schedule/clean_tmpdir.js
2020-05-13 11:48:16,886 INFO 474 [egg-schedule]: register schedule /Users/jianghui/Code/my_code/whisky-app/node_modules/_egg-logrotator@3.1.0@egg-logrotator/app/schedule/clean_log.js
2020-05-13 11:48:16,886 INFO 474 [egg-schedule]: register schedule /Users/jianghui/Code/my_code/whisky-app/node_modules/_egg-logrotator@3.1.0@egg-logrotator/app/schedule/rotate_by_file.js
2020-05-13 11:48:17,049 INFO 443 [Timer] /Users/jianghui/Code/my_code/whisky-app/node_modules/_egg-multipart@2.10.3@egg-multipart/app/schedule/clean_tmpdir.js next time will execute after 60102954ms at 2020-05-14 04:30:00.003
2020-05-13 11:48:17,049 INFO 443 [Timer] /Users/jianghui/Code/my_code/whisky-app/node_modules/_egg-logrotator@3.1.0@egg-logrotator/app/schedule/clean_log.js next time will execute after 43902951ms at 2020-05-14 00:00:00.000
2020-05-13 11:48:17,050 INFO 443 [Timer] /Users/jianghui/Code/my_code/whisky-app/node_modules/_egg-logrotator@3.1.0@egg-logrotator/app/schedule/rotate_by_file.js next time will execute after 43903951ms at 2020-05-14 00:00:01.001
2020-05-13 11:51:44,666 INFO 602 [egg-schedule]: register schedule /Users/jianghui/Code/my_code/whisky-app/node_modules/_egg-multipart@2.10.3@egg-multipart/app/schedule/clean_tmpdir.js
2020-05-13 11:51:44,666 INFO 602 [egg-schedule]: register schedule /Users/jianghui/Code/my_code/whisky-app/node_modules/_egg-logrotator@3.1.0@egg-logrotator/app/schedule/clean_log.js
2020-05-13 11:51:44,666 INFO 602 [egg-schedule]: register schedule /Users/jianghui/Code/my_code/whisky-app/node_modules/_egg-logrotator@3.1.0@egg-logrotator/app/schedule/rotate_by_file.js
2020-05-13 11:54:58,983 INFO 764 [egg-schedule]: register schedule /Users/jianghui/Code/my_code/whisky-app/node_modules/_egg-multipart@2.10.3@egg-multipart/app/schedule/clean_tmpdir.js
2020-05-13 11:54:58,983 INFO 764 [egg-schedule]: register schedule /Users/jianghui/Code/my_code/whisky-app/node_modules/_egg-logrotator@3.1.0@egg-logrotator/app/schedule/clean_log.js
2020-05-13 11:54:58,983 INFO 764 [egg-schedule]: register schedule /Users/jianghui/Code/my_code/whisky-app/node_modules/_egg-logrotator@3.1.0@egg-logrotator/app/schedule/rotate_by_file.js
2020-05-13 11:54:59,146 INFO 726 [Timer] /Users/jianghui/Code/my_code/whisky-app/node_modules/_egg-multipart@2.10.3@egg-multipart/app/schedule/clean_tmpdir.js next time will execute after 59700856ms at 2020-05-14 04:30:00.002
2020-05-13 11:54:59,147 INFO 726 [Timer] /Users/jianghui/Code/my_code/whisky-app/node_modules/_egg-logrotator@3.1.0@egg-logrotator/app/schedule/clean_log.js next time will execute after 43500854ms at 2020-05-14 00:00:00.001
2020-05-13 11:54:59,147 INFO 726 [Timer] /Users/jianghui/Code/my_code/whisky-app/node_modules/_egg-logrotator@3.1.0@egg-logrotator/app/schedule/rotate_by_file.js next time will execute after 43501853ms at 2020-05-14 00:00:01.000
2020-05-13 14:03:08,300 INFO 1325 [Timer] /Users/jianghui/Code/my_code/whisky-app/node_modules/_egg-multipart@2.10.3@egg-multipart/app/schedule/clean_tmpdir.js next time will execute after 52011703ms at 2020-05-14 04:30:00.003
2020-05-13 14:03:08,300 INFO 1325 [Timer] /Users/jianghui/Code/my_code/whisky-app/node_modules/_egg-logrotator@3.1.0@egg-logrotator/app/schedule/clean_log.js next time will execute after 35811700ms at 2020-05-14 00:00:00.000
2020-05-13 14:03:08,301 INFO 1325 [Timer] /Users/jianghui/Code/my_code/whisky-app/node_modules/_egg-logrotator@3.1.0@egg-logrotator/app/schedule/rotate_by_file.js next time will execute after 35812699ms at 2020-05-14 00:00:01.000
2020-05-13 14:03:08,069 INFO 1363 [egg-schedule]: register schedule /Users/jianghui/Code/my_code/whisky-app/node_modules/_egg-multipart@2.10.3@egg-multipart/app/schedule/clean_tmpdir.js
2020-05-13 14:03:08,069 INFO 1363 [egg-schedule]: register schedule /Users/jianghui/Code/my_code/whisky-app/node_modules/_egg-logrotator@3.1.0@egg-logrotator/app/schedule/clean_log.js
2020-05-13 14:03:08,069 INFO 1363 [egg-schedule]: register schedule /Users/jianghui/Code/my_code/whisky-app/node_modules/_egg-logrotator@3.1.0@egg-logrotator/app/schedule/rotate_by_file.js
2020-05-14 12:40:45,523 INFO 21365 [egg-schedule]: register schedule /Users/jianghui/Code/my_code/whisky-app/node_modules/_egg-multipart@2.10.3@egg-multipart/app/schedule/clean_tmpdir.js
2020-05-14 12:40:45,523 INFO 21365 [egg-schedule]: register schedule /Users/jianghui/Code/my_code/whisky-app/node_modules/_egg-logrotator@3.1.0@egg-logrotator/app/schedule/clean_log.js
2020-05-14 12:40:45,523 INFO 21365 [egg-schedule]: register schedule /Users/jianghui/Code/my_code/whisky-app/node_modules/_egg-logrotator@3.1.0@egg-logrotator/app/schedule/rotate_by_file.js
2020-05-14 12:40:45,855 INFO 21331 [Timer] /Users/jianghui/Code/my_code/whisky-app/node_modules/_egg-multipart@2.10.3@egg-multipart/app/schedule/clean_tmpdir.js next time will execute after 56954148ms at 2020-05-15 04:30:00.003
2020-05-14 12:40:45,856 INFO 21331 [Timer] /Users/jianghui/Code/my_code/whisky-app/node_modules/_egg-logrotator@3.1.0@egg-logrotator/app/schedule/clean_log.js next time will execute after 40754145ms at 2020-05-15 00:00:00.001
2020-05-14 12:40:45,856 INFO 21331 [Timer] /Users/jianghui/Code/my_code/whisky-app/node_modules/_egg-logrotator@3.1.0@egg-logrotator/app/schedule/rotate_by_file.js next time will execute after 40755144ms at 2020-05-15 00:00:01.000
2020-05-14 12:41:57,221 INFO 21416 [egg-schedule]: register schedule /Users/jianghui/Code/my_code/whisky-app/node_modules/_egg-multipart@2.10.3@egg-multipart/app/schedule/clean_tmpdir.js
2020-05-14 12:41:57,221 INFO 21416 [egg-schedule]: register schedule /Users/jianghui/Code/my_code/whisky-app/node_modules/_egg-logrotator@3.1.0@egg-logrotator/app/schedule/clean_log.js
2020-05-14 12:41:57,221 INFO 21416 [egg-schedule]: register schedule /Users/jianghui/Code/my_code/whisky-app/node_modules/_egg-logrotator@3.1.0@egg-logrotator/app/schedule/rotate_by_file.js
2020-05-14 12:43:28,700 INFO 21541 [egg-schedule]: register schedule /Users/jianghui/Code/my_code/whisky-app/node_modules/_egg-multipart@2.10.3@egg-multipart/app/schedule/clean_tmpdir.js
2020-05-14 12:43:28,700 INFO 21541 [egg-schedule]: register schedule /Users/jianghui/Code/my_code/whisky-app/node_modules/_egg-logrotator@3.1.0@egg-logrotator/app/schedule/clean_log.js
2020-05-14 12:43:28,700 INFO 21541 [egg-schedule]: register schedule /Users/jianghui/Code/my_code/whisky-app/node_modules/_egg-logrotator@3.1.0@egg-logrotator/app/schedule/rotate_by_file.js
2020-05-14 12:43:28,910 INFO 21509 [Timer] /Users/jianghui/Code/my_code/whisky-app/node_modules/_egg-multipart@2.10.3@egg-multipart/app/schedule/clean_tmpdir.js next time will execute after 56791093ms at 2020-05-15 04:30:00.003
2020-05-14 12:43:28,911 INFO 21509 [Timer] /Users/jianghui/Code/my_code/whisky-app/node_modules/_egg-logrotator@3.1.0@egg-logrotator/app/schedule/clean_log.js next time will execute after 40591090ms at 2020-05-15 00:00:00.001
2020-05-14 12:43:28,911 INFO 21509 [Timer] /Users/jianghui/Code/my_code/whisky-app/node_modules/_egg-logrotator@3.1.0@egg-logrotator/app/schedule/rotate_by_file.js next time will execute after 40592089ms at 2020-05-15 00:00:01.000
2020-05-14 12:46:19,842 INFO 21603 [egg-schedule]: register schedule /Users/jianghui/Code/my_code/whisky-app/node_modules/_egg-multipart@2.10.3@egg-multipart/app/schedule/clean_tmpdir.js
2020-05-14 12:46:19,843 INFO 21603 [egg-schedule]: register schedule /Users/jianghui/Code/my_code/whisky-app/node_modules/_egg-logrotator@3.1.0@egg-logrotator/app/schedule/clean_log.js
2020-05-14 12:46:19,843 INFO 21603 [egg-schedule]: register schedule /Users/jianghui/Code/my_code/whisky-app/node_modules/_egg-logrotator@3.1.0@egg-logrotator/app/schedule/rotate_by_file.js
2020-05-14 12:46:38,795 INFO 21636 [egg-schedule]: register schedule /Users/jianghui/Code/my_code/whisky-app/node_modules/_egg-multipart@2.10.3@egg-multipart/app/schedule/clean_tmpdir.js
2020-05-14 12:46:38,795 INFO 21636 [egg-schedule]: register schedule /Users/jianghui/Code/my_code/whisky-app/node_modules/_egg-logrotator@3.1.0@egg-logrotator/app/schedule/clean_log.js
2020-05-14 12:46:38,795 INFO 21636 [egg-schedule]: register schedule /Users/jianghui/Code/my_code/whisky-app/node_modules/_egg-logrotator@3.1.0@egg-logrotator/app/schedule/rotate_by_file.js
2020-05-14 12:46:54,959 INFO 21697 [Timer] /Users/jianghui/Code/my_code/whisky-app/node_modules/_egg-multipart@2.10.3@egg-multipart/app/schedule/clean_tmpdir.js next time will execute after 56585044ms at 2020-05-15 04:30:00.003
2020-05-14 12:46:54,960 INFO 21697 [Timer] /Users/jianghui/Code/my_code/whisky-app/node_modules/_egg-logrotator@3.1.0@egg-logrotator/app/schedule/clean_log.js next time will execute after 40385041ms at 2020-05-15 00:00:00.000
2020-05-14 12:46:54,960 INFO 21697 [Timer] /Users/jianghui/Code/my_code/whisky-app/node_modules/_egg-logrotator@3.1.0@egg-logrotator/app/schedule/rotate_by_file.js next time will execute after 40386040ms at 2020-05-15 00:00:01.000
2020-05-14 12:46:54,861 INFO 21728 [egg-schedule]: register schedule /Users/jianghui/Code/my_code/whisky-app/node_modules/_egg-multipart@2.10.3@egg-multipart/app/schedule/clean_tmpdir.js
2020-05-14 12:46:54,861 INFO 21728 [egg-schedule]: register schedule /Users/jianghui/Code/my_code/whisky-app/node_modules/_egg-logrotator@3.1.0@egg-logrotator/app/schedule/clean_log.js
2020-05-14 12:46:54,861 INFO 21728 [egg-schedule]: register schedule /Users/jianghui/Code/my_code/whisky-app/node_modules/_egg-logrotator@3.1.0@egg-logrotator/app/schedule/rotate_by_file.js
2020-05-14 12:52:44,362 INFO 22129 [egg-schedule]: register schedule /Users/jianghui/Code/my_code/whisky-app/node_modules/_egg-multipart@2.10.3@egg-multipart/app/schedule/clean_tmpdir.js
2020-05-14 12:52:44,362 INFO 22129 [egg-schedule]: register schedule /Users/jianghui/Code/my_code/whisky-app/node_modules/_egg-logrotator@3.1.0@egg-logrotator/app/schedule/clean_log.js
2020-05-14 12:52:44,362 INFO 22129 [egg-schedule]: register schedule /Users/jianghui/Code/my_code/whisky-app/node_modules/_egg-logrotator@3.1.0@egg-logrotator/app/schedule/rotate_by_file.js
2020-05-14 12:52:44,568 INFO 22098 [Timer] /Users/jianghui/Code/my_code/whisky-app/node_modules/_egg-multipart@2.10.3@egg-multipart/app/schedule/clean_tmpdir.js next time will execute after 56235434ms at 2020-05-15 04:30:00.002
2020-05-14 12:52:44,569 INFO 22098 [Timer] /Users/jianghui/Code/my_code/whisky-app/node_modules/_egg-logrotator@3.1.0@egg-logrotator/app/schedule/clean_log.js next time will execute after 40035431ms at 2020-05-15 00:00:00.000
2020-05-14 12:52:44,569 INFO 22098 [Timer] /Users/jianghui/Code/my_code/whisky-app/node_modules/_egg-logrotator@3.1.0@egg-logrotator/app/schedule/rotate_by_file.js next time will execute after 40036431ms at 2020-05-15 00:00:01.000
2020-05-14 12:53:34,767 INFO 22179 [egg-schedule]: register schedule /Users/jianghui/Code/my_code/whisky-app/node_modules/_egg-multipart@2.10.3@egg-multipart/app/schedule/clean_tmpdir.js
2020-05-14 12:53:34,767 INFO 22179 [egg-schedule]: register schedule /Users/jianghui/Code/my_code/whisky-app/node_modules/_egg-logrotator@3.1.0@egg-logrotator/app/schedule/clean_log.js
2020-05-14 12:53:34,767 INFO 22179 [egg-schedule]: register schedule /Users/jianghui/Code/my_code/whisky-app/node_modules/_egg-logrotator@3.1.0@egg-logrotator/app/schedule/rotate_by_file.js
2020-05-14 12:53:50,918 INFO 22248 [Timer] /Users/jianghui/Code/my_code/whisky-app/node_modules/_egg-multipart@2.10.3@egg-multipart/app/schedule/clean_tmpdir.js next time will execute after 56169085ms at 2020-05-15 04:30:00.003
2020-05-14 12:53:50,918 INFO 22248 [Timer] /Users/jianghui/Code/my_code/whisky-app/node_modules/_egg-logrotator@3.1.0@egg-logrotator/app/schedule/clean_log.js next time will execute after 39969082ms at 2020-05-15 00:00:00.000
2020-05-14 12:53:50,919 INFO 22248 [Timer] /Users/jianghui/Code/my_code/whisky-app/node_modules/_egg-logrotator@3.1.0@egg-logrotator/app/schedule/rotate_by_file.js next time will execute after 39970081ms at 2020-05-15 00:00:01.000
2020-05-14 12:53:50,820 INFO 22279 [egg-schedule]: register schedule /Users/jianghui/Code/my_code/whisky-app/node_modules/_egg-multipart@2.10.3@egg-multipart/app/schedule/clean_tmpdir.js
2020-05-14 12:53:50,820 INFO 22279 [egg-schedule]: register schedule /Users/jianghui/Code/my_code/whisky-app/node_modules/_egg-logrotator@3.1.0@egg-logrotator/app/schedule/clean_log.js
2020-05-14 12:53:50,820 INFO 22279 [egg-schedule]: register schedule /Users/jianghui/Code/my_code/whisky-app/node_modules/_egg-logrotator@3.1.0@egg-logrotator/app/schedule/rotate_by_file.js
2020-05-14 12:55:21,565 INFO 22391 [egg-schedule]: register schedule /Users/jianghui/Code/my_code/whisky-app/node_modules/_egg-multipart@2.10.3@egg-multipart/app/schedule/clean_tmpdir.js
2020-05-14 12:55:21,565 INFO 22391 [egg-schedule]: register schedule /Users/jianghui/Code/my_code/whisky-app/node_modules/_egg-logrotator@3.1.0@egg-logrotator/app/schedule/clean_log.js
2020-05-14 12:55:21,566 INFO 22391 [egg-schedule]: register schedule /Users/jianghui/Code/my_code/whisky-app/node_modules/_egg-logrotator@3.1.0@egg-logrotator/app/schedule/rotate_by_file.js
2020-05-14 12:55:21,744 INFO 22360 [Timer] /Users/jianghui/Code/my_code/whisky-app/node_modules/_egg-multipart@2.10.3@egg-multipart/app/schedule/clean_tmpdir.js next time will execute after 56078259ms at 2020-05-15 04:30:00.003
2020-05-14 12:55:21,744 INFO 22360 [Timer] /Users/jianghui/Code/my_code/whisky-app/node_modules/_egg-logrotator@3.1.0@egg-logrotator/app/schedule/clean_log.js next time will execute after 39878256ms at 2020-05-15 00:00:00.000
2020-05-14 12:55:21,745 INFO 22360 [Timer] /Users/jianghui/Code/my_code/whisky-app/node_modules/_egg-logrotator@3.1.0@egg-logrotator/app/schedule/rotate_by_file.js next time will execute after 39879256ms at 2020-05-15 00:00:01.001
2020-05-14 12:56:47,795 INFO 22528 [egg-schedule]: register schedule /Users/jianghui/Code/my_code/whisky-app/node_modules/_egg-multipart@2.10.3@egg-multipart/app/schedule/clean_tmpdir.js
2020-05-14 12:56:47,796 INFO 22528 [egg-schedule]: register schedule /Users/jianghui/Code/my_code/whisky-app/node_modules/_egg-logrotator@3.1.0@egg-logrotator/app/schedule/clean_log.js
2020-05-14 12:56:47,796 INFO 22528 [egg-schedule]: register schedule /Users/jianghui/Code/my_code/whisky-app/node_modules/_egg-logrotator@3.1.0@egg-logrotator/app/schedule/rotate_by_file.js
2020-05-14 12:56:48,023 INFO 22497 [Timer] /Users/jianghui/Code/my_code/whisky-app/node_modules/_egg-multipart@2.10.3@egg-multipart/app/schedule/clean_tmpdir.js next time will execute after 55991980ms at 2020-05-15 04:30:00.002
2020-05-14 12:56:48,023 INFO 22497 [Timer] /Users/jianghui/Code/my_code/whisky-app/node_modules/_egg-logrotator@3.1.0@egg-logrotator/app/schedule/clean_log.js next time will execute after 39791977ms at 2020-05-15 00:00:00.000
2020-05-14 12:56:48,023 INFO 22497 [Timer] /Users/jianghui/Code/my_code/whisky-app/node_modules/_egg-logrotator@3.1.0@egg-logrotator/app/schedule/rotate_by_file.js next time will execute after 39792977ms at 2020-05-15 00:00:01.000
2020-05-14 13:01:36,139 INFO 22754 [egg-schedule]: register schedule /Users/jianghui/Code/my_code/whisky-app/node_modules/_egg-multipart@2.10.3@egg-multipart/app/schedule/clean_tmpdir.js
2020-05-14 13:01:36,139 INFO 22754 [egg-schedule]: register schedule /Users/jianghui/Code/my_code/whisky-app/node_modules/_egg-logrotator@3.1.0@egg-logrotator/app/schedule/clean_log.js
2020-05-14 13:01:36,139 INFO 22754 [egg-schedule]: register schedule /Users/jianghui/Code/my_code/whisky-app/node_modules/_egg-logrotator@3.1.0@egg-logrotator/app/schedule/rotate_by_file.js
2020-05-14 13:02:09,268 INFO 22848 [egg-schedule]: register schedule /Users/jianghui/Code/my_code/whisky-app/node_modules/_egg-multipart@2.10.3@egg-multipart/app/schedule/clean_tmpdir.js
2020-05-14 13:02:09,268 INFO 22848 [egg-schedule]: register schedule /Users/jianghui/Code/my_code/whisky-app/node_modules/_egg-logrotator@3.1.0@egg-logrotator/app/schedule/clean_log.js
2020-05-14 13:02:09,268 INFO 22848 [egg-schedule]: register schedule /Users/jianghui/Code/my_code/whisky-app/node_modules/_egg-logrotator@3.1.0@egg-logrotator/app/schedule/rotate_by_file.js
2020-05-14 13:02:09,427 INFO 22810 [Timer] /Users/jianghui/Code/my_code/whisky-app/node_modules/_egg-multipart@2.10.3@egg-multipart/app/schedule/clean_tmpdir.js next time will execute after 55670576ms at 2020-05-15 04:30:00.003
2020-05-14 13:02:09,427 INFO 22810 [Timer] /Users/jianghui/Code/my_code/whisky-app/node_modules/_egg-logrotator@3.1.0@egg-logrotator/app/schedule/clean_log.js next time will execute after 39470573ms at 2020-05-15 00:00:00.000
2020-05-14 13:02:09,427 INFO 22810 [Timer] /Users/jianghui/Code/my_code/whisky-app/node_modules/_egg-logrotator@3.1.0@egg-logrotator/app/schedule/rotate_by_file.js next time will execute after 39471573ms at 2020-05-15 00:00:01.000
2020-05-14 13:02:55,118 INFO 22886 [egg-schedule]: register schedule /Users/jianghui/Code/my_code/whisky-app/node_modules/_egg-multipart@2.10.3@egg-multipart/app/schedule/clean_tmpdir.js
2020-05-14 13:02:55,118 INFO 22886 [egg-schedule]: register schedule /Users/jianghui/Code/my_code/whisky-app/node_modules/_egg-logrotator@3.1.0@egg-logrotator/app/schedule/clean_log.js
2020-05-14 13:02:55,118 INFO 22886 [egg-schedule]: register schedule /Users/jianghui/Code/my_code/whisky-app/node_modules/_egg-logrotator@3.1.0@egg-logrotator/app/schedule/rotate_by_file.js
2020-05-14 13:02:59,110 INFO 22917 [egg-schedule]: register schedule /Users/jianghui/Code/my_code/whisky-app/node_modules/_egg-multipart@2.10.3@egg-multipart/app/schedule/clean_tmpdir.js
2020-05-14 13:02:59,110 INFO 22917 [egg-schedule]: register schedule /Users/jianghui/Code/my_code/whisky-app/node_modules/_egg-logrotator@3.1.0@egg-logrotator/app/schedule/clean_log.js
2020-05-14 13:02:59,110 INFO 22917 [egg-schedule]: register schedule /Users/jianghui/Code/my_code/whisky-app/node_modules/_egg-logrotator@3.1.0@egg-logrotator/app/schedule/rotate_by_file.js
2020-05-14 13:05:57,577 INFO 22972 [egg-schedule]: register schedule /Users/jianghui/Code/my_code/whisky-app/node_modules/_egg-multipart@2.10.3@egg-multipart/app/schedule/clean_tmpdir.js
2020-05-14 13:05:57,577 INFO 22972 [egg-schedule]: register schedule /Users/jianghui/Code/my_code/whisky-app/node_modules/_egg-logrotator@3.1.0@egg-logrotator/app/schedule/clean_log.js
2020-05-14 13:05:57,577 INFO 22972 [egg-schedule]: register schedule /Users/jianghui/Code/my_code/whisky-app/node_modules/_egg-logrotator@3.1.0@egg-logrotator/app/schedule/rotate_by_file.js
