2020-05-20 16:38:27,491 INFO 18284 [egg-sequelize](1ms) Executed (default): SELECT 1+1 AS result
2020-05-20 16:38:53,069 INFO 18284 [egg-sequelize](26ms) Executed (default): SELECT `id`, `userid`, `username`, `password`, `nickname`, `created_at`, `updated_at`, `created_at` AS `createdAt`, `updated_at` AS `updatedAt` FROM `users` AS `user` WHERE `user`.`username` = 'admin' AND `user`.`password` = 'admin' LIMIT 1;
2020-05-20 16:42:39,619 INFO 18520 [egg-sequelize](1ms) Executed (default): SELECT 1+1 AS result
2020-05-20 16:42:43,783 INFO 18569 [egg-sequelize](1ms) Executed (default): SELECT 1+1 AS result
2020-05-20 16:43:15,004 INFO 18664 [egg-sequelize](1ms) Executed (default): SELECT 1+1 AS result
2020-05-20 16:43:19,418 INFO 18727 [egg-sequelize](1ms) Executed (default): SELECT 1+1 AS result
2020-05-20 16:44:23,276 INFO 18872 [egg-sequelize](0ms) Executed (default): SELECT 1+1 AS result
2020-05-20 16:44:30,730 INFO 18923 [egg-sequelize](1ms) Executed (default): SELECT 1+1 AS result
2020-05-20 16:44:36,330 INFO 18968 [egg-sequelize](1ms) Executed (default): SELECT 1+1 AS result
2020-05-20 16:44:53,927 INFO 19055 [egg-sequelize](1ms) Executed (default): SELECT 1+1 AS result
2020-05-20 16:45:04,310 INFO 19106 [egg-sequelize](1ms) Executed (default): SELECT 1+1 AS result
2020-05-20 16:45:08,318 INFO 19161 [egg-sequelize](1ms) Executed (default): SELECT 1+1 AS result
2020-05-20 16:45:14,718 INFO 19204 [egg-sequelize](0ms) Executed (default): SELECT 1+1 AS result
2020-05-20 16:45:19,033 INFO 19244 [egg-sequelize](0ms) Executed (default): SELECT 1+1 AS result
2020-05-20 16:45:21,373 INFO 19244 [egg-sequelize](13ms) Executed (default): INSERT INTO `apps` (`id`,`appid`,`appname`,`des`,`created_at`,`updated_at`) VALUES (DEFAULT,?,?,?,?,?);
2020-05-20 16:45:21,374 INFO 19244 [egg-sequelize](11ms) Executed (default): INSERT INTO `user_app_relation` (`id`,`userid`,`appid`,`created_at`,`updated_at`) VALUES (DEFAULT,?,?,?,?);
2020-05-20 16:47:05,513 INFO 19330 [egg-sequelize](1ms) Executed (default): SELECT 1+1 AS result
2020-05-20 16:47:36,643 INFO 19395 [egg-sequelize](1ms) Executed (default): SELECT 1+1 AS result
2020-05-20 16:47:41,934 INFO 19448 [egg-sequelize](1ms) Executed (default): SELECT 1+1 AS result
2020-05-20 16:49:06,048 INFO 19541 [egg-sequelize](1ms) Executed (default): SELECT 1+1 AS result
2020-05-20 16:49:32,402 INFO 19602 [egg-sequelize](1ms) Executed (default): SELECT 1+1 AS result
2020-05-20 16:49:38,895 INFO 19649 [egg-sequelize](0ms) Executed (default): SELECT 1+1 AS result
2020-05-20 16:49:45,160 INFO 19649 [egg-sequelize](2ms) Executed (default): SELECT `id`, `appid`, `appname`, `des`, `created_at`, `updated_at`, `created_at` AS `createdAt`, `updated_at` AS `updatedAt` FROM `apps` AS `app` WHERE `app`.`appname` = 'test1' LIMIT 1;
2020-05-20 16:49:45,184 INFO 19649 [egg-sequelize](3ms) Executed (default): INSERT INTO `apps` (`id`,`appid`,`appname`,`des`,`created_at`,`updated_at`) VALUES (DEFAULT,?,?,?,?,?);
2020-05-20 16:49:45,190 INFO 19649 [egg-sequelize](4ms) Executed (default): INSERT INTO `user_app_relation` (`id`,`userid`,`appid`,`created_at`,`updated_at`) VALUES (DEFAULT,?,?,?,?);
2020-05-20 16:53:32,155 INFO 19767 [egg-sequelize](1ms) Executed (default): SELECT 1+1 AS result
2020-05-20 16:53:42,807 INFO 19814 [egg-sequelize](6ms) Executed (default): SELECT 1+1 AS result
2020-05-20 16:53:46,913 INFO 19814 [egg-sequelize](1ms) Executed (default): SELECT `id`, `appid`, `appname`, `des`, `created_at`, `updated_at`, `created_at` AS `createdAt`, `updated_at` AS `updatedAt` FROM `apps` AS `app` WHERE `app`.`appname` = 'test1' LIMIT 1;
2020-05-20 16:53:46,934 INFO 19814 [egg-sequelize](5ms) Executed (default): INSERT INTO `apps` (`id`,`appid`,`appname`,`des`,`created_at`,`updated_at`) VALUES (DEFAULT,?,?,?,?,?);
2020-05-20 16:53:46,955 INFO 19814 [egg-sequelize](21ms) Executed (default): INSERT INTO `user_app_relation` (`id`,`userid`,`appid`,`created_at`,`updated_at`) VALUES (DEFAULT,?,?,?,?);
2020-05-20 16:54:28,017 INFO 19874 [egg-sequelize](0ms) Executed (default): SELECT 1+1 AS result
2020-05-20 16:54:34,805 INFO 19918 [egg-sequelize](1ms) Executed (default): SELECT 1+1 AS result
2020-05-20 16:55:03,713 INFO 20000 [egg-sequelize](0ms) Executed (default): SELECT 1+1 AS result
2020-05-20 16:55:08,581 INFO 20000 [egg-sequelize](3ms) Executed (default): INSERT INTO `apps` (`id`,`appid`,`appname`,`des`,`created_at`,`updated_at`) VALUES (DEFAULT,?,?,?,?,?);
2020-05-20 16:55:08,605 ERROR 20000 [-/172.18.252.34/-/57ms POST /api/app/create] nodejs.AssertionError [ERR_ASSERTION]: status code must be a number
    at Object.set status [as status] (/Users/jianghui/Code/my_code/whisky-app/node_modules/_koa@2.12.0@koa/lib/response.js:86:5)
    at Object.status (/Users/jianghui/Code/my_code/whisky-app/node_modules/_delegates@1.0.0@delegates/index.js:92:31)
    at Helper.exports.error (/Users/jianghui/Code/my_code/whisky-app/app/extend/helper.js:41:13)
    at AppController.create (/Users/jianghui/Code/my_code/whisky-app/app/controller/app.ts:22:23)
generatedMessage: false
name: "AssertionError [ERR_ASSERTION]"
code: "ERR_ASSERTION"
actual: false
expected: true
operator: "=="
pid: 20000
hostname: jianghuideMacBook-Pro.local

2020-05-20 16:55:28,379 INFO 20000 [egg-sequelize](2ms) Executed (default): INSERT INTO `apps` (`id`,`appid`,`appname`,`des`,`created_at`,`updated_at`) VALUES (DEFAULT,?,?,?,?,?);
2020-05-20 16:55:28,385 ERROR 20000 [-/172.18.252.34/-/15ms POST /api/app/create] nodejs.AssertionError [ERR_ASSERTION]: status code must be a number
    at Object.set status [as status] (/Users/jianghui/Code/my_code/whisky-app/node_modules/_koa@2.12.0@koa/lib/response.js:86:5)
    at Object.status (/Users/jianghui/Code/my_code/whisky-app/node_modules/_delegates@1.0.0@delegates/index.js:92:31)
    at Helper.exports.error (/Users/jianghui/Code/my_code/whisky-app/app/extend/helper.js:41:13)
    at AppController.create (/Users/jianghui/Code/my_code/whisky-app/app/controller/app.ts:22:23)
generatedMessage: false
name: "AssertionError [ERR_ASSERTION]"
code: "ERR_ASSERTION"
actual: false
expected: true
operator: "=="
pid: 20000
hostname: jianghuideMacBook-Pro.local

2020-05-20 16:56:46,211 INFO 20145 [egg-sequelize](1ms) Executed (default): SELECT 1+1 AS result
2020-05-20 16:57:03,465 INFO 20202 [egg-sequelize](1ms) Executed (default): SELECT 1+1 AS result
2020-05-20 16:57:06,961 INFO 20202 [egg-sequelize](3ms) Executed (default): INSERT INTO `apps` (`id`,`appid`,`appname`,`des`,`created_at`,`updated_at`) VALUES (DEFAULT,?,?,?,?,?);
2020-05-20 16:57:06,994 INFO 20202 [egg-sequelize](3ms) Executed (default): INSERT INTO `user_app_relation` (`id`,`userid`,`appid`,`created_at`,`updated_at`) VALUES (DEFAULT,?,?,?,?);
2020-05-20 16:57:55,208 INFO 20202 [egg-sequelize](2ms) Executed (default): INSERT INTO `apps` (`id`,`appid`,`appname`,`des`,`created_at`,`updated_at`) VALUES (DEFAULT,?,?,?,?,?);
2020-05-20 16:57:55,219 INFO 20202 [egg-sequelize](2ms) Executed (default): INSERT INTO `user_app_relation` (`id`,`userid`,`appid`,`created_at`,`updated_at`) VALUES (DEFAULT,?,?,?,?);
2020-05-20 16:59:09,328 INFO 20202 [egg-sequelize](3ms) Executed (default): INSERT INTO `apps` (`id`,`appid`,`appname`,`des`,`created_at`,`updated_at`) VALUES (DEFAULT,?,?,?,?,?);
2020-05-20 16:59:09,337 INFO 20202 [egg-sequelize](2ms) Executed (default): INSERT INTO `user_app_relation` (`id`,`userid`,`appid`,`created_at`,`updated_at`) VALUES (DEFAULT,?,?,?,?);
2020-05-20 17:00:12,320 INFO 20300 [egg-sequelize](1ms) Executed (default): SELECT 1+1 AS result
2020-05-20 17:00:18,121 INFO 20355 [egg-sequelize](1ms) Executed (default): SELECT 1+1 AS result
2020-05-20 17:00:22,508 INFO 20355 [egg-sequelize](4ms) Executed (default): INSERT INTO `apps` (`id`,`appid`,`appname`,`des`,`created_at`,`updated_at`) VALUES (DEFAULT,?,?,?,?,?);
2020-05-20 17:12:56,143 INFO 20535 [egg-sequelize](1ms) Executed (default): SELECT 1+1 AS result
2020-05-20 17:13:14,643 INFO 20583 [egg-sequelize](0ms) Executed (default): SELECT 1+1 AS result
2020-05-20 17:13:18,459 INFO 20583 [egg-sequelize](6ms) Executed (default): INSERT INTO `apps` (`id`,`appid`,`appname`,`des`,`created_at`,`updated_at`) VALUES (DEFAULT,?,?,?,?,?);
2020-05-20 17:16:44,698 INFO 20583 [egg-sequelize](5ms) Executed (default): INSERT INTO `apps` (`id`,`appid`,`appname`,`des`,`created_at`,`updated_at`) VALUES (DEFAULT,?,?,?,?,?);
2020-05-20 17:17:04,661 INFO 20583 [egg-sequelize](2ms) Executed (default): INSERT INTO `apps` (`id`,`appid`,`appname`,`des`,`created_at`,`updated_at`) VALUES (DEFAULT,?,?,?,?,?);
2020-05-20 17:42:12,311 INFO 21229 [egg-sequelize](1ms) Executed (default): SELECT 1+1 AS result
2020-05-20 17:42:52,329 INFO 21288 [egg-sequelize](1ms) Executed (default): SELECT 1+1 AS result
2020-05-20 17:43:41,593 INFO 21367 [egg-sequelize](1ms) Executed (default): SELECT 1+1 AS result
2020-05-20 17:43:55,616 INFO 21424 [egg-sequelize](1ms) Executed (default): SELECT 1+1 AS result
2020-05-20 17:44:03,063 INFO 21464 [egg-sequelize](1ms) Executed (default): SELECT 1+1 AS result
2020-05-20 17:44:07,343 INFO 21514 [egg-sequelize](1ms) Executed (default): SELECT 1+1 AS result
2020-05-20 17:44:31,040 INFO 21562 [egg-sequelize](1ms) Executed (default): SELECT 1+1 AS result
2020-05-20 17:44:35,634 INFO 21610 [egg-sequelize](1ms) Executed (default): SELECT 1+1 AS result
2020-05-20 17:45:09,354 INFO 21666 [egg-sequelize](0ms) Executed (default): SELECT 1+1 AS result
2020-05-20 17:45:22,060 INFO 21718 [egg-sequelize](1ms) Executed (default): SELECT 1+1 AS result
2020-05-20 17:55:14,852 INFO 22213 [egg-sequelize](1ms) Executed (default): SELECT 1+1 AS result
2020-05-20 17:55:31,059 INFO 22321 [egg-sequelize](1ms) Executed (default): SELECT 1+1 AS result
2020-05-20 17:57:29,033 INFO 22461 [egg-sequelize](1ms) Executed (default): SELECT 1+1 AS result
2020-05-20 17:58:23,268 INFO 22461 [egg-sequelize](11ms) Executed (default): SELECT `id`, `userid`, `username`, `password`, `nickname`, `created_at`, `updated_at`, `created_at` AS `createdAt`, `updated_at` AS `updatedAt` FROM `users` AS `user` WHERE `user`.`username` = 'admin' AND `user`.`password` = 'admin' LIMIT 1;
2020-05-20 17:58:58,827 INFO 22461 [egg-sequelize](6ms) Executed (default): INSERT INTO `apps` (`id`,`appid`,`appname`,`des`,`created_at`,`updated_at`) VALUES (DEFAULT,?,?,?,?,?);
2020-05-20 17:59:07,229 INFO 22461 [egg-sequelize](7ms) Executed (default): INSERT INTO `apps` (`id`,`appid`,`appname`,`des`,`created_at`,`updated_at`) VALUES (DEFAULT,?,?,?,?,?);
2020-05-20 18:11:31,275 INFO 22928 [egg-sequelize](1ms) Executed (default): SELECT 1+1 AS result
2020-05-20 18:14:10,906 INFO 23208 [egg-sequelize](1ms) Executed (default): SELECT 1+1 AS result
2020-05-20 18:15:50,463 INFO 23208 [egg-sequelize](5ms) Executed (default): SELECT `id`, `userid`, `username`, `password`, `nickname`, `created_at`, `updated_at`, `created_at` AS `createdAt`, `updated_at` AS `updatedAt` FROM `users` AS `user` WHERE `user`.`username` = 'admin' AND `user`.`password` = 'admin' LIMIT 1;
2020-05-20 18:18:41,319 INFO 23485 [egg-sequelize](1ms) Executed (default): SELECT 1+1 AS result
2020-05-20 18:18:51,937 INFO 23536 [egg-sequelize](1ms) Executed (default): SELECT 1+1 AS result
2020-05-20 18:19:10,735 INFO 23596 [egg-sequelize](1ms) Executed (default): SELECT 1+1 AS result
2020-05-20 18:19:56,847 INFO 23675 [egg-sequelize](1ms) Executed (default): SELECT 1+1 AS result
2020-05-20 18:20:04,350 INFO 23723 [egg-sequelize](1ms) Executed (default): SELECT 1+1 AS result
2020-05-20 18:20:51,032 INFO 23779 [egg-sequelize](1ms) Executed (default): SELECT 1+1 AS result
